Vivado Simulator v2025.1.0
Copyright 1986-2022 Xilinx, Inc. All Rights Reserved.
Copyright 2022-2025 Advanced Micro Devices, Inc. All Rights Reserved.
Running: /tools/Xilinx/2025.1/Vivado/bin/unwrapped/lnx64.o/xelab -L uvm -sv_lib xsim.dir/work/xsc/dpi tb_top_l1d -s l1d_sim -timescale 1ns/1ps 
Multi-threading is on. Using 6 slave threads.
WARNING: [XSIM 43-3431] One or more environment variables have been detected which affect the operation of the C compiler. These are typically not set in standard installations and are not tested by AMD, however they may be appropriate for your system, so the flow will attempt to continue.  If errors occur, try running xelab with the "-mt off -v 1" switches to see more information from the C compiler. The following environment variables have been detected:
Starting static elaboration
Pass Through NonSizing Optimizer
Completed static elaboration
Starting simulation data flow analysis
WARNING: [XSIM 43-4468] File : /proj/primebuilds/9999.0_PRIME_0428_0031/installs/data/system_verilog/uvm_1.2/xlnx_uvm_package.sv, Line : 25994, RANDC variable size more than 8 bits. This will be treated as a RAND variable instead.
Completed simulation data flow analysis
Time Resolution for simulation is 1ps
Compiling package uvm.uvm_pkg
Compiling package std.std
Compiling package work.l1d_pkg
Compiling package work.l1dpack
Compiling module work.l1d_lsu_if_default
Compiling module work.llc_if_default
Compiling module work.mshr_queue
Compiling module work.cache(ADDR_BITS=22)
Compiling module work.l1_data_cache(A=3,B=64,C=1536,PA...
Compiling module work.tb_top_l1d
Built simulation snapshot l1d_sim
