#-----------------------------------------------------------
# xsim v2025.1 (64-bit)
# SW Build 6140274 on Wed May 21 22:58:25 MDT 2025
# IP Build 6138677 on Thu May 22 03:10:11 MDT 2025
# SharedData Build 6139179 on Tue May 20 17:58:58 MDT 2025
# Start of session at: Wed Apr  1 18:05:38 2026
# Process ID         : 29885
# Current directory  : /home/ale/Documents/ozone-processor
# Command line       : xsim -mode tcl -source {xsim.dir/dpi_sim/xsim_script.tcl}
# Log file           : /home/ale/Documents/ozone-processor/xsim.log
# Journal file       : /home/ale/Documents/ozone-processor/xsim.jou
# Running On         : vivado
# Platform           : Ubuntu
# Operating System   : Ubuntu 24.04.2 LTS
# Processor Detail   : Intel(R) Core(TM) i7-7700 CPU @ 3.60GHz
# CPU Frequency      : 4095.601 MHz
# CPU Physical cores : 4
# CPU Logical cores  : 8
# Host memory        : 16646 MB
# Swap memory        : 4294 MB
# Total Virtual      : 20941 MB
# Available Virtual  : 16599 MB
#-----------------------------------------------------------
source xsim.dir/dpi_sim/xsim_script.tcl
# xsim {dpi_sim} -autoloadwcfg -runall
Time resolution is 1 ps
run -all

--- Starting Golden Model Manual Probe ---
[0] Model Reset.
[0] Reading addr 0x100... Expected: 0x100, Got: 0x100
[0] Writing 0xDEADBEEF to addr 0x200...
[0] Reading addr 0x200... Expected: 0xDEADBEEF, Got: 0xdeadbeef
[0] Reading addr 0x203 (unaligned)... Expected: 0xDEADBEEF, Got: 0xdeadbeef
--- Probe Finished ---

$finish called at time : 0 fs : File "/home/ale/Documents/ozone-processor/uvm/test_dpi.sv" Line 33
exit
INFO: [Common 17-206] Exiting xsim at Wed Apr  1 18:05:41 2026...
