#-----------------------------------------------------------
# xsim v2025.1 (64-bit)
# SW Build 6140274 on Wed May 21 22:58:25 MDT 2025
# IP Build 6138677 on Thu May 22 03:10:11 MDT 2025
# SharedData Build 6139179 on Tue May 20 17:58:58 MDT 2025
# Start of session at: Wed Apr  1 19:23:27 2026
# Process ID         : 32717
# Current directory  : /home/ale/Documents/ozone-processor
# Command line       : xsim -mode tcl -source {xsim.dir/top_sim/xsim_script.tcl}
# Log file           : /home/ale/Documents/ozone-processor/xsim.log
# Journal file       : /home/ale/Documents/ozone-processor/xsim.jou
# Running On         : vivado
# Platform           : Ubuntu
# Operating System   : Ubuntu 24.04.2 LTS
# Processor Detail   : Intel(R) Core(TM) i7-7700 CPU @ 3.60GHz
# CPU Frequency      : 4091.342 MHz
# CPU Physical cores : 4
# CPU Logical cores  : 8
# Host memory        : 16646 MB
# Swap memory        : 4294 MB
# Total Virtual      : 20941 MB
# Available Virtual  : 17113 MB
#-----------------------------------------------------------
source xsim.dir/top_sim/xsim_script.tcl
# xsim {top_sim} -autoloadwcfg -runall
Time resolution is 1 ps
run -all
UVM_INFO /tools/Xilinx/2025.1/Vivado/data/system_verilog/uvm_1.2/xlnx_uvm_package.sv(18601) @ 0: reporter [UVM/RELNOTES] 
----------------------------------------------------------------
UVM-1.2
(C) 2007-2014 Mentor Graphics Corporation
(C) 2007-2014 Cadence Design Systems, Inc.
(C) 2006-2014 Synopsys, Inc.
(C) 2011-2013 Cypress Semiconductor Corp.
(C) 2013-2014 NVIDIA Corporation
----------------------------------------------------------------

  ***********       IMPORTANT RELEASE NOTES         ************

  You are using a version of the UVM library that has been compiled
  with `UVM_NO_DEPRECATED undefined.

  You are using a version of the UVM library that has been compiled
  with `UVM_OBJECT_DO_NOT_NEED_CONSTRUCTOR undefined.

      (Specify +UVM_NO_RELNOTES to turn off this notice)

UVM_FATAL @ 0: reporter [NOCOMP] No components instantiated. You must either instantiate at least one component before calling run_test or use run_test to do so. To run a test using run_test, use +UVM_TESTNAME or supply the test name in the argument to run_test(). Exiting simulation.
UVM_INFO /tools/Xilinx/2025.1/Vivado/data/system_verilog/uvm_1.2/xlnx_uvm_package.sv(13673) @ 0: reporter [UVM/REPORT/SERVER] 
--- UVM Report Summary ---

** Report counts by severity
UVM_INFO :    1
UVM_WARNING :    0
UVM_ERROR :    0
UVM_FATAL :    1
** Report counts by id
[NOCOMP]     1
[UVM/RELNOTES]     1

WARNING: The Functional Coverage Database has not been updated during simulation. Please recheck testbench to confirm that covergroups are being instantiated correctly and rerun simulation.
$finish called at time : 0 fs : File "/tools/Xilinx/2025.1/Vivado/data/system_verilog/uvm_1.2/xlnx_uvm_package.sv" Line 18538
exit
INFO: [Common 17-206] Exiting xsim at Wed Apr  1 19:23:31 2026...
